<?xml version="1.0" encoding="UTF-8"?>
<!-- Generated by org.testng.reporters.JUnitReportReporter -->
<testsuite hostname="BM42806Q2" failures="0" tests="6" name="Academy.LandingLoginPageTest" time="20.863" errors="0" timestamp="2020-01-29T14:59:40 IST" skipped="0">
  <testcase classname="Academy.LandingLoginPageTest" name="verifyRedirectedContactUsPage" time="2.707"/>
  <testcase classname="Academy.LandingLoginPageTest" name="verifyElementsOfLandingPage" time="1.488"/>
  <testcase classname="Academy.LandingLoginPageTest" name="signedUpRedirectedPage" time="7.708"/>
  <testcase classname="Academy.LandingLoginPageTest" name="validateTitleofLandingPage" time="0.946"/>
  <testcase classname="Academy.LandingLoginPageTest" name="verifyAllSpecifiedFieldsOnSignedUpPage" time="5.918"/>
  <testcase classname="Academy.LandingLoginPageTest" name="verifyRedirectedWebservicePage" time="2.096"/>
</testsuite> <!-- Academy.LandingLoginPageTest -->
