<?xml version="1.0" encoding="UTF-8"?>
<!-- Generated by org.testng.reporters.JUnitReportReporter -->
<testsuite hostname="BM42806Q2" failures="0" tests="5" name="AllTests.LandingLoginPageTest" time="50.714" errors="0" timestamp="2020-02-07T16:45:02 IST" skipped="0">
  <testcase classname="AllTests.LandingLoginPageTest" name="validateTitleofLandingPage" time="4.592"/>
  <testcase classname="AllTests.LandingLoginPageTest" name="verifyElementsOfLandingPage" time="0.767"/>
  <testcase classname="AllTests.LandingLoginPageTest" name="verifyRedirectedContactUsPage" time="7.113"/>
  <testcase classname="AllTests.LandingLoginPageTest" name="verifyRedirectedWebservicePage" time="1.134"/>
  <testcase classname="AllTests.LandingLoginPageTest" name="signedUpRedirectedPage" time="37.108"/>
</testsuite> <!-- AllTests.LandingLoginPageTest -->
